<?xml version="1.0" encoding="UTF-8"?>
<testng-results skipped="0" failed="0" ignored="0" total="1" passed="1">
  <reporter-output>
  </reporter-output>
  <suite name="Default suite" duration-ms="15076" started-at="2019-08-14T06:00:09Z" finished-at="2019-08-14T06:00:24Z">
    <groups>
    </groups>
    <test name="Default test" duration-ms="15076" started-at="2019-08-14T06:00:09Z" finished-at="2019-08-14T06:00:24Z">
      <class name="TestCases.VerifyLogin_PageFact">
        <test-method status="PASS" signature="CheckForLogin()[pri:0, instance:TestCases.VerifyLogin_PageFact@687080dc]" name="CheckForLogin" duration-ms="15030" started-at="2019-08-14T06:00:09Z" finished-at="2019-08-14T06:00:24Z">
          <reporter-output>
          </reporter-output>
        </test-method> <!-- CheckForLogin -->
      </class> <!-- TestCases.VerifyLogin_PageFact -->
    </test> <!-- Default test -->
  </suite> <!-- Default suite -->
</testng-results>
